<?xml version="1.0" encoding="UTF-8"?>
<!-- Generated by org.testng.reporters.JUnitReportReporter -->
<testsuite skipped="1" hostname="Alkesh-PC" name="com.nopcommerce.TestCases.LoginTest" tests="2" failures="0" timestamp="09 Feb 2020 19:56:35 GMT" time="101.573" errors="0">
  <testcase name="verifyLogin" time="101.573" classname="com.nopcommerce.TestCases.LoginTest"/>
  <testcase name="verifyLoginByDD" classname="com.nopcommerce.TestCases.LoginTest">
    <skipped/>
  </testcase> <!-- verifyLoginByDD -->
</testsuite> <!-- com.nopcommerce.TestCases.LoginTest -->
